<?xml version="1.0" encoding="UTF-8"?>
<!-- Generated by org.testng.reporters.JUnitXMLReporter -->
<testsuite hostname="Hamster" failures="0" tests="3" name="Command line test" time="0.083" errors="0" timestamp="11 Nov 2018 01:44:47 GMT">
  <testcase classname="com.functest.jpwise.JpWiseBasicTest" name="testCombi" time="0.047"/>
  <testcase classname="com.functest.jpwise.JpWiseBasicTest" name="testPairs" time="0.023"/>
  <testcase classname="com.functest.jpwise.ParameterValueMatcherTest" name="valueMatcherTest" time="0.001"/>
</testsuite> <!-- Command line test -->
