<?xml version="1.0" encoding="UTF-8"?>
<testng-results total="3" passed="3" failed="0" skipped="0">
  <reporter-output>
  </reporter-output>
  <suite started-at="2018-11-11T01:44:47Z" name="Command line suite" finished-at="2018-11-11T01:44:47Z" duration-ms="83">
    <groups>
    </groups>
    <test started-at="2018-11-11T01:44:47Z" name="Command line test" finished-at="2018-11-11T01:44:47Z" duration-ms="83">
      <class name="com.functest.jpwise.ParameterValueMatcherTest">
        <test-method signature="valueMatcherTest()[pri:0, instance:com.functest.jpwise.ParameterValueMatcherTest@3e11f9e9]" started-at="2018-11-10T20:44:47Z" name="valueMatcherTest" finished-at="2018-11-10T20:44:47Z" duration-ms="1" status="PASS">
          <reporter-output>
          </reporter-output>
        </test-method> <!-- valueMatcherTest -->
      </class> <!-- com.functest.jpwise.ParameterValueMatcherTest -->
      <class name="com.functest.jpwise.JpWiseBasicTest">
        <test-method signature="testCombi()[pri:0, instance:com.functest.jpwise.JpWiseBasicTest@2805d709]" started-at="2018-11-10T20:44:47Z" name="testCombi" finished-at="2018-11-10T20:44:47Z" duration-ms="47" status="PASS">
          <reporter-output>
          </reporter-output>
        </test-method> <!-- testCombi -->
        <test-method signature="testPairs()[pri:0, instance:com.functest.jpwise.JpWiseBasicTest@2805d709]" started-at="2018-11-10T20:44:47Z" name="testPairs" finished-at="2018-11-10T20:44:47Z" duration-ms="23" status="PASS">
          <reporter-output>
          </reporter-output>
        </test-method> <!-- testPairs -->
      </class> <!-- com.functest.jpwise.JpWiseBasicTest -->
    </test> <!-- Command line test -->
  </suite> <!-- Command line suite -->
</testng-results>
